déc. 08, 2016 2:35:22 PM org.apache.catalina.core.AprLifecycleListener init
INFOS: The APR based Apache Tomcat Native library which allows optimal performance in production environments was not found on the java.library.path: /usr/java/packages/lib/amd64:/usr/lib64:/lib64:/lib:/usr/lib
déc. 08, 2016 2:35:22 PM org.apache.coyote.AbstractProtocol init
INFOS: Initializing ProtocolHandler ["http-bio-8080"]
déc. 08, 2016 2:35:22 PM org.apache.coyote.AbstractProtocol init
INFOS: Initializing ProtocolHandler ["ajp-bio-8009"]
déc. 08, 2016 2:35:22 PM org.apache.catalina.startup.Catalina load
INFOS: Initialization processed in 560 ms
déc. 08, 2016 2:35:23 PM org.apache.catalina.core.StandardService startInternal
INFOS: Démarrage du service Catalina
déc. 08, 2016 2:35:23 PM org.apache.catalina.core.StandardEngine startInternal
INFOS: Starting Servlet Engine: Apache Tomcat/7.0.56
déc. 08, 2016 2:35:23 PM org.apache.catalina.startup.HostConfig deployWAR
INFOS: Déploiement de l'archive /home/hagimont/shared/cours/enseeiht/cours/Intergiciels/tp/tp-esb/legacy/appli-web/tomcat/webapps/WS.war de l'application web
déc. 08, 2016 2:35:23 PM org.apache.axis.utils.JavaUtils isAttachmentSupported
AVERTISSEMENT: Unable to find required classes (javax.activation.DataHandler and javax.mail.internet.MimeMultipart). Attachment support is disabled.
déc. 08, 2016 2:35:23 PM org.apache.catalina.startup.HostConfig deployWAR
INFOS: Deployment of web application archive /home/hagimont/shared/cours/enseeiht/cours/Intergiciels/tp/tp-esb/legacy/appli-web/tomcat/webapps/WS.war has finished in 831 ms
déc. 08, 2016 2:35:23 PM org.apache.catalina.startup.HostConfig deployWAR
INFOS: Déploiement de l'archive /home/hagimont/shared/cours/enseeiht/cours/Intergiciels/tp/tp-esb/legacy/appli-web/tomcat/webapps/web.war de l'application web
déc. 08, 2016 2:35:24 PM org.apache.catalina.startup.HostConfig deployWAR
INFOS: Deployment of web application archive /home/hagimont/shared/cours/enseeiht/cours/Intergiciels/tp/tp-esb/legacy/appli-web/tomcat/webapps/web.war has finished in 188 ms
déc. 08, 2016 2:35:24 PM org.apache.catalina.startup.HostConfig deployDirectory
INFOS: Déploiement du répertoire /home/hagimont/shared/cours/enseeiht/cours/Intergiciels/tp/tp-esb/legacy/appli-web/tomcat/webapps/ROOT de l'application web
déc. 08, 2016 2:35:24 PM org.apache.catalina.startup.HostConfig deployDirectory
INFOS: Deployment of web application directory /home/hagimont/shared/cours/enseeiht/cours/Intergiciels/tp/tp-esb/legacy/appli-web/tomcat/webapps/ROOT has finished in 37 ms
déc. 08, 2016 2:35:24 PM org.apache.catalina.startup.HostConfig deployDirectory
INFOS: Déploiement du répertoire /home/hagimont/shared/cours/enseeiht/cours/Intergiciels/tp/tp-esb/legacy/appli-web/tomcat/webapps/docs de l'application web
déc. 08, 2016 2:35:24 PM org.apache.catalina.startup.HostConfig deployDirectory
INFOS: Deployment of web application directory /home/hagimont/shared/cours/enseeiht/cours/Intergiciels/tp/tp-esb/legacy/appli-web/tomcat/webapps/docs has finished in 34 ms
déc. 08, 2016 2:35:24 PM org.apache.catalina.startup.HostConfig deployDirectory
INFOS: Déploiement du répertoire /home/hagimont/shared/cours/enseeiht/cours/Intergiciels/tp/tp-esb/legacy/appli-web/tomcat/webapps/examples de l'application web
déc. 08, 2016 2:35:24 PM org.apache.catalina.startup.HostConfig deployDirectory
INFOS: Deployment of web application directory /home/hagimont/shared/cours/enseeiht/cours/Intergiciels/tp/tp-esb/legacy/appli-web/tomcat/webapps/examples has finished in 233 ms
déc. 08, 2016 2:35:24 PM org.apache.catalina.startup.HostConfig deployDirectory
INFOS: Déploiement du répertoire /home/hagimont/shared/cours/enseeiht/cours/Intergiciels/tp/tp-esb/legacy/appli-web/tomcat/webapps/manager de l'application web
déc. 08, 2016 2:35:24 PM org.apache.catalina.startup.HostConfig deployDirectory
INFOS: Deployment of web application directory /home/hagimont/shared/cours/enseeiht/cours/Intergiciels/tp/tp-esb/legacy/appli-web/tomcat/webapps/manager has finished in 59 ms
déc. 08, 2016 2:35:24 PM org.apache.catalina.startup.HostConfig deployDirectory
INFOS: Déploiement du répertoire /home/hagimont/shared/cours/enseeiht/cours/Intergiciels/tp/tp-esb/legacy/appli-web/tomcat/webapps/host-manager de l'application web
déc. 08, 2016 2:35:24 PM org.apache.catalina.startup.HostConfig deployDirectory
INFOS: Deployment of web application directory /home/hagimont/shared/cours/enseeiht/cours/Intergiciels/tp/tp-esb/legacy/appli-web/tomcat/webapps/host-manager has finished in 44 ms
déc. 08, 2016 2:35:24 PM org.apache.coyote.AbstractProtocol start
INFOS: Starting ProtocolHandler ["http-bio-8080"]
déc. 08, 2016 2:35:24 PM org.apache.coyote.AbstractProtocol start
INFOS: Starting ProtocolHandler ["ajp-bio-8009"]
déc. 08, 2016 2:35:24 PM org.apache.catalina.startup.Catalina start
INFOS: Server startup in 1497 ms
