oct. 19, 2017 8:34:31 AM org.apache.catalina.core.AprLifecycleListener init
INFOS: The APR based Apache Tomcat Native library which allows optimal performance in production environments was not found on the java.library.path: /usr/java/packages/lib/amd64:/usr/lib64:/lib64:/lib:/usr/lib
oct. 19, 2017 8:34:32 AM org.apache.coyote.AbstractProtocol init
INFOS: Initializing ProtocolHandler ["http-bio-8080"]
oct. 19, 2017 8:34:32 AM org.apache.coyote.AbstractProtocol init
INFOS: Initializing ProtocolHandler ["ajp-bio-8009"]
oct. 19, 2017 8:34:32 AM org.apache.catalina.startup.Catalina load
INFOS: Initialization processed in 698 ms
oct. 19, 2017 8:34:32 AM org.apache.catalina.core.StandardService startInternal
INFOS: Démarrage du service Catalina
oct. 19, 2017 8:34:32 AM org.apache.catalina.core.StandardEngine startInternal
INFOS: Starting Servlet Engine: Apache Tomcat/7.0.56
oct. 19, 2017 8:34:32 AM org.apache.catalina.startup.HostConfig deployWAR
INFOS: Déploiement de l'archive /home/hboukrai/IntG/sujet-esb/legacy/appli-web/tomcat/webapps/WS.war de l'application web
oct. 19, 2017 8:34:34 AM org.apache.axis.utils.JavaUtils isAttachmentSupported
AVERTISSEMENT: Unable to find required classes (javax.activation.DataHandler and javax.mail.internet.MimeMultipart). Attachment support is disabled.
oct. 19, 2017 8:34:34 AM org.apache.catalina.startup.HostConfig deployWAR
INFOS: Deployment of web application archive /home/hboukrai/IntG/sujet-esb/legacy/appli-web/tomcat/webapps/WS.war has finished in 2 012 ms
oct. 19, 2017 8:34:34 AM org.apache.catalina.startup.HostConfig deployWAR
INFOS: Déploiement de l'archive /home/hboukrai/IntG/sujet-esb/legacy/appli-web/tomcat/webapps/web.war de l'application web
oct. 19, 2017 8:34:35 AM org.apache.catalina.startup.HostConfig deployWAR
INFOS: Deployment of web application archive /home/hboukrai/IntG/sujet-esb/legacy/appli-web/tomcat/webapps/web.war has finished in 521 ms
oct. 19, 2017 8:34:35 AM org.apache.catalina.startup.HostConfig deployDirectory
INFOS: Déploiement du répertoire /home/hboukrai/IntG/sujet-esb/legacy/appli-web/tomcat/webapps/host-manager de l'application web
oct. 19, 2017 8:34:35 AM org.apache.catalina.startup.HostConfig deployDirectory
INFOS: Deployment of web application directory /home/hboukrai/IntG/sujet-esb/legacy/appli-web/tomcat/webapps/host-manager has finished in 164 ms
oct. 19, 2017 8:34:35 AM org.apache.catalina.startup.HostConfig deployDirectory
INFOS: Déploiement du répertoire /home/hboukrai/IntG/sujet-esb/legacy/appli-web/tomcat/webapps/examples de l'application web
oct. 19, 2017 8:34:36 AM org.apache.catalina.startup.HostConfig deployDirectory
INFOS: Deployment of web application directory /home/hboukrai/IntG/sujet-esb/legacy/appli-web/tomcat/webapps/examples has finished in 1 739 ms
oct. 19, 2017 8:34:36 AM org.apache.catalina.startup.HostConfig deployDirectory
INFOS: Déploiement du répertoire /home/hboukrai/IntG/sujet-esb/legacy/appli-web/tomcat/webapps/docs de l'application web
oct. 19, 2017 8:34:37 AM org.apache.catalina.startup.HostConfig deployDirectory
INFOS: Deployment of web application directory /home/hboukrai/IntG/sujet-esb/legacy/appli-web/tomcat/webapps/docs has finished in 110 ms
oct. 19, 2017 8:34:37 AM org.apache.catalina.startup.HostConfig deployDirectory
INFOS: Déploiement du répertoire /home/hboukrai/IntG/sujet-esb/legacy/appli-web/tomcat/webapps/ROOT de l'application web
oct. 19, 2017 8:34:37 AM org.apache.catalina.startup.HostConfig deployDirectory
INFOS: Deployment of web application directory /home/hboukrai/IntG/sujet-esb/legacy/appli-web/tomcat/webapps/ROOT has finished in 130 ms
oct. 19, 2017 8:34:37 AM org.apache.catalina.startup.HostConfig deployDirectory
INFOS: Déploiement du répertoire /home/hboukrai/IntG/sujet-esb/legacy/appli-web/tomcat/webapps/manager de l'application web
oct. 19, 2017 8:34:37 AM org.apache.catalina.startup.HostConfig deployDirectory
INFOS: Deployment of web application directory /home/hboukrai/IntG/sujet-esb/legacy/appli-web/tomcat/webapps/manager has finished in 181 ms
oct. 19, 2017 8:34:37 AM org.apache.coyote.AbstractProtocol start
INFOS: Starting ProtocolHandler ["http-bio-8080"]
oct. 19, 2017 8:34:37 AM org.apache.coyote.AbstractProtocol start
INFOS: Starting ProtocolHandler ["ajp-bio-8009"]
oct. 19, 2017 8:34:37 AM org.apache.catalina.startup.Catalina start
INFOS: Server startup in 5035 ms
