nov. 10, 2015 11:42:38 PM org.apache.catalina.core.AprLifecycleListener init
INFOS: The APR based Apache Tomcat Native library which allows optimal performance in production environments was not found on the java.library.path: /usr/java/packages/lib/amd64:/usr/lib64:/lib64:/lib:/usr/lib
nov. 10, 2015 11:42:38 PM org.apache.coyote.AbstractProtocol init
INFOS: Initializing ProtocolHandler ["http-bio-8080"]
nov. 10, 2015 11:42:38 PM org.apache.coyote.AbstractProtocol init
INFOS: Initializing ProtocolHandler ["ajp-bio-8009"]
nov. 10, 2015 11:42:38 PM org.apache.catalina.startup.Catalina load
INFOS: Initialization processed in 505 ms
nov. 10, 2015 11:42:38 PM org.apache.catalina.core.StandardService startInternal
INFOS: Démarrage du service Catalina
nov. 10, 2015 11:42:38 PM org.apache.catalina.core.StandardEngine startInternal
INFOS: Starting Servlet Engine: Apache Tomcat/7.0.56
nov. 10, 2015 11:42:38 PM org.apache.catalina.startup.HostConfig deployDirectory
INFOS: Déploiement du répertoire /home/hagimont/essai-mule/legacy/appli-web/tomcat/webapps/ROOT de l'application web
nov. 10, 2015 11:42:38 PM org.apache.catalina.startup.HostConfig deployDirectory
INFOS: Deployment of web application directory /home/hagimont/essai-mule/legacy/appli-web/tomcat/webapps/ROOT has finished in 297 ms
nov. 10, 2015 11:42:38 PM org.apache.catalina.startup.HostConfig deployDirectory
INFOS: Déploiement du répertoire /home/hagimont/essai-mule/legacy/appli-web/tomcat/webapps/docs de l'application web
nov. 10, 2015 11:42:38 PM org.apache.catalina.startup.HostConfig deployDirectory
INFOS: Deployment of web application directory /home/hagimont/essai-mule/legacy/appli-web/tomcat/webapps/docs has finished in 51 ms
nov. 10, 2015 11:42:38 PM org.apache.catalina.startup.HostConfig deployDirectory
INFOS: Déploiement du répertoire /home/hagimont/essai-mule/legacy/appli-web/tomcat/webapps/examples de l'application web
nov. 10, 2015 11:42:39 PM org.apache.catalina.startup.HostConfig deployDirectory
INFOS: Deployment of web application directory /home/hagimont/essai-mule/legacy/appli-web/tomcat/webapps/examples has finished in 276 ms
nov. 10, 2015 11:42:39 PM org.apache.catalina.startup.HostConfig deployDirectory
INFOS: Déploiement du répertoire /home/hagimont/essai-mule/legacy/appli-web/tomcat/webapps/manager de l'application web
nov. 10, 2015 11:42:39 PM org.apache.catalina.startup.HostConfig deployDirectory
INFOS: Deployment of web application directory /home/hagimont/essai-mule/legacy/appli-web/tomcat/webapps/manager has finished in 49 ms
nov. 10, 2015 11:42:39 PM org.apache.catalina.startup.HostConfig deployDirectory
INFOS: Déploiement du répertoire /home/hagimont/essai-mule/legacy/appli-web/tomcat/webapps/host-manager de l'application web
nov. 10, 2015 11:42:39 PM org.apache.catalina.startup.HostConfig deployDirectory
INFOS: Deployment of web application directory /home/hagimont/essai-mule/legacy/appli-web/tomcat/webapps/host-manager has finished in 51 ms
nov. 10, 2015 11:42:39 PM org.apache.coyote.AbstractProtocol start
INFOS: Starting ProtocolHandler ["http-bio-8080"]
nov. 10, 2015 11:42:39 PM org.apache.coyote.AbstractProtocol start
INFOS: Starting ProtocolHandler ["ajp-bio-8009"]
nov. 10, 2015 11:42:39 PM org.apache.catalina.startup.Catalina start
INFOS: Server startup in 780 ms
nov. 10, 2015 11:43:59 PM org.apache.catalina.startup.HostConfig deployWAR
INFOS: Déploiement de l'archive /home/hagimont/essai-mule/legacy/appli-web/tomcat/webapps/web.war de l'application web
nov. 10, 2015 11:43:59 PM org.apache.catalina.startup.HostConfig deployWAR
INFOS: Deployment of web application archive /home/hagimont/essai-mule/legacy/appli-web/tomcat/webapps/web.war has finished in 154 ms
nov. 10, 2015 11:52:19 PM org.apache.catalina.core.StandardServer await
INFOS: A valid shutdown command was received via the shutdown port. Stopping the Server instance.
nov. 10, 2015 11:52:19 PM org.apache.coyote.AbstractProtocol pause
INFOS: Pausing ProtocolHandler ["http-bio-8080"]
nov. 10, 2015 11:52:19 PM org.apache.coyote.AbstractProtocol pause
INFOS: Pausing ProtocolHandler ["ajp-bio-8009"]
nov. 10, 2015 11:52:19 PM org.apache.catalina.core.StandardService stopInternal
INFOS: Arrêt du service Catalina
nov. 10, 2015 11:52:19 PM org.apache.catalina.loader.WebappClassLoader clearReferencesJdbc
GRAVE: The web application [/web] registered the JDBC driver [org.hsqldb.jdbc.JDBCDriver] but failed to unregister it when the web application was stopped. To prevent a memory leak, the JDBC Driver has been forcibly unregistered.
nov. 10, 2015 11:52:19 PM org.apache.coyote.AbstractProtocol stop
INFOS: Stopping ProtocolHandler ["http-bio-8080"]
nov. 10, 2015 11:52:19 PM org.apache.coyote.AbstractProtocol stop
INFOS: Stopping ProtocolHandler ["ajp-bio-8009"]
nov. 10, 2015 11:52:19 PM org.apache.coyote.AbstractProtocol destroy
INFOS: Destroying ProtocolHandler ["http-bio-8080"]
nov. 10, 2015 11:52:19 PM org.apache.coyote.AbstractProtocol destroy
INFOS: Destroying ProtocolHandler ["ajp-bio-8009"]
