oct. 07, 2017 4:38:34 PM org.apache.catalina.core.AprLifecycleListener init
INFOS: The APR based Apache Tomcat Native library which allows optimal performance in production environments was not found on the java.library.path: /usr/java/packages/lib/amd64:/usr/lib64:/lib64:/lib:/usr/lib
oct. 07, 2017 4:38:35 PM org.apache.coyote.AbstractProtocol init
INFOS: Initializing ProtocolHandler ["http-bio-8080"]
oct. 07, 2017 4:38:35 PM org.apache.coyote.AbstractProtocol init
INFOS: Initializing ProtocolHandler ["ajp-bio-8009"]
oct. 07, 2017 4:38:35 PM org.apache.catalina.startup.Catalina load
INFOS: Initialization processed in 521 ms
oct. 07, 2017 4:38:35 PM org.apache.catalina.core.StandardService startInternal
INFOS: Démarrage du service Catalina
oct. 07, 2017 4:38:35 PM org.apache.catalina.core.StandardEngine startInternal
INFOS: Starting Servlet Engine: Apache Tomcat/7.0.56
oct. 07, 2017 4:38:35 PM org.apache.catalina.startup.HostConfig deployWAR
INFOS: Déploiement de l'archive /home/hagimont/shared/cours/enseeiht/cours/Intergiciels/tp/tp-esb/legacy/appli-web/tomcat/webapps/web.war de l'application web
oct. 07, 2017 4:38:35 PM org.apache.catalina.startup.HostConfig deployWAR
INFOS: Deployment of web application archive /home/hagimont/shared/cours/enseeiht/cours/Intergiciels/tp/tp-esb/legacy/appli-web/tomcat/webapps/web.war has finished in 439 ms
oct. 07, 2017 4:38:35 PM org.apache.catalina.startup.HostConfig deployWAR
INFOS: Déploiement de l'archive /home/hagimont/shared/cours/enseeiht/cours/Intergiciels/tp/tp-esb/legacy/appli-web/tomcat/webapps/WS.war de l'application web
oct. 07, 2017 4:38:36 PM org.apache.axis.utils.JavaUtils isAttachmentSupported
AVERTISSEMENT: Unable to find required classes (javax.activation.DataHandler and javax.mail.internet.MimeMultipart). Attachment support is disabled.
oct. 07, 2017 4:38:36 PM org.apache.catalina.startup.HostConfig deployWAR
INFOS: Deployment of web application archive /home/hagimont/shared/cours/enseeiht/cours/Intergiciels/tp/tp-esb/legacy/appli-web/tomcat/webapps/WS.war has finished in 482 ms
oct. 07, 2017 4:38:36 PM org.apache.catalina.startup.HostConfig deployDirectory
INFOS: Déploiement du répertoire /home/hagimont/shared/cours/enseeiht/cours/Intergiciels/tp/tp-esb/legacy/appli-web/tomcat/webapps/docs de l'application web
oct. 07, 2017 4:38:36 PM org.apache.catalina.startup.HostConfig deployDirectory
INFOS: Deployment of web application directory /home/hagimont/shared/cours/enseeiht/cours/Intergiciels/tp/tp-esb/legacy/appli-web/tomcat/webapps/docs has finished in 35 ms
oct. 07, 2017 4:38:36 PM org.apache.catalina.startup.HostConfig deployDirectory
INFOS: Déploiement du répertoire /home/hagimont/shared/cours/enseeiht/cours/Intergiciels/tp/tp-esb/legacy/appli-web/tomcat/webapps/host-manager de l'application web
oct. 07, 2017 4:38:36 PM org.apache.catalina.startup.HostConfig deployDirectory
INFOS: Deployment of web application directory /home/hagimont/shared/cours/enseeiht/cours/Intergiciels/tp/tp-esb/legacy/appli-web/tomcat/webapps/host-manager has finished in 47 ms
oct. 07, 2017 4:38:36 PM org.apache.catalina.startup.HostConfig deployDirectory
INFOS: Déploiement du répertoire /home/hagimont/shared/cours/enseeiht/cours/Intergiciels/tp/tp-esb/legacy/appli-web/tomcat/webapps/ROOT de l'application web
oct. 07, 2017 4:38:36 PM org.apache.catalina.startup.HostConfig deployDirectory
INFOS: Deployment of web application directory /home/hagimont/shared/cours/enseeiht/cours/Intergiciels/tp/tp-esb/legacy/appli-web/tomcat/webapps/ROOT has finished in 34 ms
oct. 07, 2017 4:38:36 PM org.apache.catalina.startup.HostConfig deployDirectory
INFOS: Déploiement du répertoire /home/hagimont/shared/cours/enseeiht/cours/Intergiciels/tp/tp-esb/legacy/appli-web/tomcat/webapps/manager de l'application web
oct. 07, 2017 4:38:36 PM org.apache.catalina.startup.HostConfig deployDirectory
INFOS: Deployment of web application directory /home/hagimont/shared/cours/enseeiht/cours/Intergiciels/tp/tp-esb/legacy/appli-web/tomcat/webapps/manager has finished in 42 ms
oct. 07, 2017 4:38:36 PM org.apache.catalina.startup.HostConfig deployDirectory
INFOS: Déploiement du répertoire /home/hagimont/shared/cours/enseeiht/cours/Intergiciels/tp/tp-esb/legacy/appli-web/tomcat/webapps/examples de l'application web
oct. 07, 2017 4:38:36 PM org.apache.catalina.startup.HostConfig deployDirectory
INFOS: Deployment of web application directory /home/hagimont/shared/cours/enseeiht/cours/Intergiciels/tp/tp-esb/legacy/appli-web/tomcat/webapps/examples has finished in 271 ms
oct. 07, 2017 4:38:36 PM org.apache.coyote.AbstractProtocol start
INFOS: Starting ProtocolHandler ["http-bio-8080"]
oct. 07, 2017 4:38:36 PM org.apache.coyote.AbstractProtocol start
INFOS: Starting ProtocolHandler ["ajp-bio-8009"]
oct. 07, 2017 4:38:36 PM org.apache.catalina.startup.Catalina start
INFOS: Server startup in 1419 ms
oct. 07, 2017 5:39:51 PM org.apache.catalina.core.AprLifecycleListener init
INFOS: The APR based Apache Tomcat Native library which allows optimal performance in production environments was not found on the java.library.path: /usr/java/packages/lib/amd64:/usr/lib64:/lib64:/lib:/usr/lib
oct. 07, 2017 5:39:51 PM org.apache.coyote.AbstractProtocol init
INFOS: Initializing ProtocolHandler ["http-bio-8080"]
oct. 07, 2017 5:39:51 PM org.apache.coyote.AbstractProtocol init
GRAVE: Failed to initialize end point associated with ProtocolHandler ["http-bio-8080"]
java.net.BindException: Adresse déjà utilisée <null>:8080
	at org.apache.tomcat.util.net.JIoEndpoint.bind(JIoEndpoint.java:411)
	at org.apache.tomcat.util.net.AbstractEndpoint.init(AbstractEndpoint.java:646)
	at org.apache.coyote.AbstractProtocol.init(AbstractProtocol.java:434)
	at org.apache.coyote.http11.AbstractHttp11JsseProtocol.init(AbstractHttp11JsseProtocol.java:119)
	at org.apache.catalina.connector.Connector.initInternal(Connector.java:978)
	at org.apache.catalina.util.LifecycleBase.init(LifecycleBase.java:102)
	at org.apache.catalina.core.StandardService.initInternal(StandardService.java:559)
	at org.apache.catalina.util.LifecycleBase.init(LifecycleBase.java:102)
	at org.apache.catalina.core.StandardServer.initInternal(StandardServer.java:821)
	at org.apache.catalina.util.LifecycleBase.init(LifecycleBase.java:102)
	at org.apache.catalina.startup.Catalina.load(Catalina.java:638)
	at org.apache.catalina.startup.Catalina.load(Catalina.java:663)
	at sun.reflect.NativeMethodAccessorImpl.invoke0(Native Method)
	at sun.reflect.NativeMethodAccessorImpl.invoke(NativeMethodAccessorImpl.java:62)
	at sun.reflect.DelegatingMethodAccessorImpl.invoke(DelegatingMethodAccessorImpl.java:43)
	at java.lang.reflect.Method.invoke(Method.java:497)
	at org.apache.catalina.startup.Bootstrap.load(Bootstrap.java:280)
	at org.apache.catalina.startup.Bootstrap.main(Bootstrap.java:454)
Caused by: java.net.BindException: Adresse déjà utilisée
	at java.net.PlainSocketImpl.socketBind(Native Method)
	at java.net.AbstractPlainSocketImpl.bind(AbstractPlainSocketImpl.java:382)
	at java.net.ServerSocket.bind(ServerSocket.java:375)
	at java.net.ServerSocket.<init>(ServerSocket.java:237)
	at java.net.ServerSocket.<init>(ServerSocket.java:181)
	at org.apache.tomcat.util.net.DefaultServerSocketFactory.createSocket(DefaultServerSocketFactory.java:49)
	at org.apache.tomcat.util.net.JIoEndpoint.bind(JIoEndpoint.java:398)
	... 17 more

oct. 07, 2017 5:39:51 PM org.apache.catalina.core.StandardService initInternal
GRAVE: Failed to initialize connector [Connector[HTTP/1.1-8080]]
org.apache.catalina.LifecycleException: Failed to initialize component [Connector[HTTP/1.1-8080]]
	at org.apache.catalina.util.LifecycleBase.init(LifecycleBase.java:106)
	at org.apache.catalina.core.StandardService.initInternal(StandardService.java:559)
	at org.apache.catalina.util.LifecycleBase.init(LifecycleBase.java:102)
	at org.apache.catalina.core.StandardServer.initInternal(StandardServer.java:821)
	at org.apache.catalina.util.LifecycleBase.init(LifecycleBase.java:102)
	at org.apache.catalina.startup.Catalina.load(Catalina.java:638)
	at org.apache.catalina.startup.Catalina.load(Catalina.java:663)
	at sun.reflect.NativeMethodAccessorImpl.invoke0(Native Method)
	at sun.reflect.NativeMethodAccessorImpl.invoke(NativeMethodAccessorImpl.java:62)
	at sun.reflect.DelegatingMethodAccessorImpl.invoke(DelegatingMethodAccessorImpl.java:43)
	at java.lang.reflect.Method.invoke(Method.java:497)
	at org.apache.catalina.startup.Bootstrap.load(Bootstrap.java:280)
	at org.apache.catalina.startup.Bootstrap.main(Bootstrap.java:454)
Caused by: org.apache.catalina.LifecycleException: L''initialisation du gestionnaire de protocole a échoué
	at org.apache.catalina.connector.Connector.initInternal(Connector.java:980)
	at org.apache.catalina.util.LifecycleBase.init(LifecycleBase.java:102)
	... 12 more
Caused by: java.net.BindException: Adresse déjà utilisée <null>:8080
	at org.apache.tomcat.util.net.JIoEndpoint.bind(JIoEndpoint.java:411)
	at org.apache.tomcat.util.net.AbstractEndpoint.init(AbstractEndpoint.java:646)
	at org.apache.coyote.AbstractProtocol.init(AbstractProtocol.java:434)
	at org.apache.coyote.http11.AbstractHttp11JsseProtocol.init(AbstractHttp11JsseProtocol.java:119)
	at org.apache.catalina.connector.Connector.initInternal(Connector.java:978)
	... 13 more
Caused by: java.net.BindException: Adresse déjà utilisée
	at java.net.PlainSocketImpl.socketBind(Native Method)
	at java.net.AbstractPlainSocketImpl.bind(AbstractPlainSocketImpl.java:382)
	at java.net.ServerSocket.bind(ServerSocket.java:375)
	at java.net.ServerSocket.<init>(ServerSocket.java:237)
	at java.net.ServerSocket.<init>(ServerSocket.java:181)
	at org.apache.tomcat.util.net.DefaultServerSocketFactory.createSocket(DefaultServerSocketFactory.java:49)
	at org.apache.tomcat.util.net.JIoEndpoint.bind(JIoEndpoint.java:398)
	... 17 more

oct. 07, 2017 5:39:51 PM org.apache.coyote.AbstractProtocol init
INFOS: Initializing ProtocolHandler ["ajp-bio-8009"]
oct. 07, 2017 5:39:51 PM org.apache.coyote.AbstractProtocol init
GRAVE: Failed to initialize end point associated with ProtocolHandler ["ajp-bio-8009"]
java.net.BindException: Adresse déjà utilisée <null>:8009
	at org.apache.tomcat.util.net.JIoEndpoint.bind(JIoEndpoint.java:411)
	at org.apache.tomcat.util.net.AbstractEndpoint.init(AbstractEndpoint.java:646)
	at org.apache.coyote.AbstractProtocol.init(AbstractProtocol.java:434)
	at org.apache.catalina.connector.Connector.initInternal(Connector.java:978)
	at org.apache.catalina.util.LifecycleBase.init(LifecycleBase.java:102)
	at org.apache.catalina.core.StandardService.initInternal(StandardService.java:559)
	at org.apache.catalina.util.LifecycleBase.init(LifecycleBase.java:102)
	at org.apache.catalina.core.StandardServer.initInternal(StandardServer.java:821)
	at org.apache.catalina.util.LifecycleBase.init(LifecycleBase.java:102)
	at org.apache.catalina.startup.Catalina.load(Catalina.java:638)
	at org.apache.catalina.startup.Catalina.load(Catalina.java:663)
	at sun.reflect.NativeMethodAccessorImpl.invoke0(Native Method)
	at sun.reflect.NativeMethodAccessorImpl.invoke(NativeMethodAccessorImpl.java:62)
	at sun.reflect.DelegatingMethodAccessorImpl.invoke(DelegatingMethodAccessorImpl.java:43)
	at java.lang.reflect.Method.invoke(Method.java:497)
	at org.apache.catalina.startup.Bootstrap.load(Bootstrap.java:280)
	at org.apache.catalina.startup.Bootstrap.main(Bootstrap.java:454)
Caused by: java.net.BindException: Adresse déjà utilisée
	at java.net.PlainSocketImpl.socketBind(Native Method)
	at java.net.AbstractPlainSocketImpl.bind(AbstractPlainSocketImpl.java:382)
	at java.net.ServerSocket.bind(ServerSocket.java:375)
	at java.net.ServerSocket.<init>(ServerSocket.java:237)
	at java.net.ServerSocket.<init>(ServerSocket.java:181)
	at org.apache.tomcat.util.net.DefaultServerSocketFactory.createSocket(DefaultServerSocketFactory.java:49)
	at org.apache.tomcat.util.net.JIoEndpoint.bind(JIoEndpoint.java:398)
	... 16 more

oct. 07, 2017 5:39:51 PM org.apache.catalina.core.StandardService initInternal
GRAVE: Failed to initialize connector [Connector[AJP/1.3-8009]]
org.apache.catalina.LifecycleException: Failed to initialize component [Connector[AJP/1.3-8009]]
	at org.apache.catalina.util.LifecycleBase.init(LifecycleBase.java:106)
	at org.apache.catalina.core.StandardService.initInternal(StandardService.java:559)
	at org.apache.catalina.util.LifecycleBase.init(LifecycleBase.java:102)
	at org.apache.catalina.core.StandardServer.initInternal(StandardServer.java:821)
	at org.apache.catalina.util.LifecycleBase.init(LifecycleBase.java:102)
	at org.apache.catalina.startup.Catalina.load(Catalina.java:638)
	at org.apache.catalina.startup.Catalina.load(Catalina.java:663)
	at sun.reflect.NativeMethodAccessorImpl.invoke0(Native Method)
	at sun.reflect.NativeMethodAccessorImpl.invoke(NativeMethodAccessorImpl.java:62)
	at sun.reflect.DelegatingMethodAccessorImpl.invoke(DelegatingMethodAccessorImpl.java:43)
	at java.lang.reflect.Method.invoke(Method.java:497)
	at org.apache.catalina.startup.Bootstrap.load(Bootstrap.java:280)
	at org.apache.catalina.startup.Bootstrap.main(Bootstrap.java:454)
Caused by: org.apache.catalina.LifecycleException: L''initialisation du gestionnaire de protocole a échoué
	at org.apache.catalina.connector.Connector.initInternal(Connector.java:980)
	at org.apache.catalina.util.LifecycleBase.init(LifecycleBase.java:102)
	... 12 more
Caused by: java.net.BindException: Adresse déjà utilisée <null>:8009
	at org.apache.tomcat.util.net.JIoEndpoint.bind(JIoEndpoint.java:411)
	at org.apache.tomcat.util.net.AbstractEndpoint.init(AbstractEndpoint.java:646)
	at org.apache.coyote.AbstractProtocol.init(AbstractProtocol.java:434)
	at org.apache.catalina.connector.Connector.initInternal(Connector.java:978)
	... 13 more
Caused by: java.net.BindException: Adresse déjà utilisée
	at java.net.PlainSocketImpl.socketBind(Native Method)
	at java.net.AbstractPlainSocketImpl.bind(AbstractPlainSocketImpl.java:382)
	at java.net.ServerSocket.bind(ServerSocket.java:375)
	at java.net.ServerSocket.<init>(ServerSocket.java:237)
	at java.net.ServerSocket.<init>(ServerSocket.java:181)
	at org.apache.tomcat.util.net.DefaultServerSocketFactory.createSocket(DefaultServerSocketFactory.java:49)
	at org.apache.tomcat.util.net.JIoEndpoint.bind(JIoEndpoint.java:398)
	... 16 more

oct. 07, 2017 5:39:51 PM org.apache.catalina.startup.Catalina load
INFOS: Initialization processed in 503 ms
oct. 07, 2017 5:39:51 PM org.apache.catalina.core.StandardService startInternal
INFOS: Démarrage du service Catalina
oct. 07, 2017 5:39:51 PM org.apache.catalina.core.StandardEngine startInternal
INFOS: Starting Servlet Engine: Apache Tomcat/7.0.56
oct. 07, 2017 5:39:51 PM org.apache.catalina.startup.HostConfig deployWAR
INFOS: Déploiement de l'archive /home/hagimont/shared/cours/enseeiht/cours/Intergiciels/tp/tp-esb/legacy/appli-web/tomcat/webapps/web.war de l'application web
oct. 07, 2017 5:39:52 PM org.apache.catalina.startup.HostConfig deployWAR
INFOS: Deployment of web application archive /home/hagimont/shared/cours/enseeiht/cours/Intergiciels/tp/tp-esb/legacy/appli-web/tomcat/webapps/web.war has finished in 440 ms
oct. 07, 2017 5:39:52 PM org.apache.catalina.startup.HostConfig deployWAR
INFOS: Déploiement de l'archive /home/hagimont/shared/cours/enseeiht/cours/Intergiciels/tp/tp-esb/legacy/appli-web/tomcat/webapps/WS.war de l'application web
oct. 07, 2017 5:39:52 PM org.apache.axis.utils.JavaUtils isAttachmentSupported
AVERTISSEMENT: Unable to find required classes (javax.activation.DataHandler and javax.mail.internet.MimeMultipart). Attachment support is disabled.
oct. 07, 2017 5:39:52 PM org.apache.catalina.startup.HostConfig deployWAR
INFOS: Deployment of web application archive /home/hagimont/shared/cours/enseeiht/cours/Intergiciels/tp/tp-esb/legacy/appli-web/tomcat/webapps/WS.war has finished in 434 ms
oct. 07, 2017 5:39:52 PM org.apache.catalina.startup.HostConfig deployDirectory
INFOS: Déploiement du répertoire /home/hagimont/shared/cours/enseeiht/cours/Intergiciels/tp/tp-esb/legacy/appli-web/tomcat/webapps/docs de l'application web
oct. 07, 2017 5:39:52 PM org.apache.catalina.startup.HostConfig deployDirectory
INFOS: Deployment of web application directory /home/hagimont/shared/cours/enseeiht/cours/Intergiciels/tp/tp-esb/legacy/appli-web/tomcat/webapps/docs has finished in 31 ms
oct. 07, 2017 5:39:52 PM org.apache.catalina.startup.HostConfig deployDirectory
INFOS: Déploiement du répertoire /home/hagimont/shared/cours/enseeiht/cours/Intergiciels/tp/tp-esb/legacy/appli-web/tomcat/webapps/host-manager de l'application web
oct. 07, 2017 5:39:52 PM org.apache.catalina.startup.HostConfig deployDirectory
INFOS: Deployment of web application directory /home/hagimont/shared/cours/enseeiht/cours/Intergiciels/tp/tp-esb/legacy/appli-web/tomcat/webapps/host-manager has finished in 40 ms
oct. 07, 2017 5:39:52 PM org.apache.catalina.startup.HostConfig deployDirectory
INFOS: Déploiement du répertoire /home/hagimont/shared/cours/enseeiht/cours/Intergiciels/tp/tp-esb/legacy/appli-web/tomcat/webapps/ROOT de l'application web
oct. 07, 2017 5:39:52 PM org.apache.catalina.startup.HostConfig deployDirectory
INFOS: Deployment of web application directory /home/hagimont/shared/cours/enseeiht/cours/Intergiciels/tp/tp-esb/legacy/appli-web/tomcat/webapps/ROOT has finished in 26 ms
oct. 07, 2017 5:39:52 PM org.apache.catalina.startup.HostConfig deployDirectory
INFOS: Déploiement du répertoire /home/hagimont/shared/cours/enseeiht/cours/Intergiciels/tp/tp-esb/legacy/appli-web/tomcat/webapps/manager de l'application web
oct. 07, 2017 5:39:52 PM org.apache.catalina.startup.HostConfig deployDirectory
INFOS: Deployment of web application directory /home/hagimont/shared/cours/enseeiht/cours/Intergiciels/tp/tp-esb/legacy/appli-web/tomcat/webapps/manager has finished in 38 ms
oct. 07, 2017 5:39:52 PM org.apache.catalina.startup.HostConfig deployDirectory
INFOS: Déploiement du répertoire /home/hagimont/shared/cours/enseeiht/cours/Intergiciels/tp/tp-esb/legacy/appli-web/tomcat/webapps/examples de l'application web
oct. 07, 2017 5:39:52 PM org.apache.catalina.startup.HostConfig deployDirectory
INFOS: Deployment of web application directory /home/hagimont/shared/cours/enseeiht/cours/Intergiciels/tp/tp-esb/legacy/appli-web/tomcat/webapps/examples has finished in 210 ms
oct. 07, 2017 5:39:52 PM org.apache.catalina.startup.Catalina start
INFOS: Server startup in 1279 ms
oct. 07, 2017 5:39:52 PM org.apache.catalina.core.StandardServer await
GRAVE: StandardServer.await: create[localhost:8005]: 
java.net.BindException: Adresse déjà utilisée
	at java.net.PlainSocketImpl.socketBind(Native Method)
	at java.net.AbstractPlainSocketImpl.bind(AbstractPlainSocketImpl.java:382)
	at java.net.ServerSocket.bind(ServerSocket.java:375)
	at java.net.ServerSocket.<init>(ServerSocket.java:237)
	at org.apache.catalina.core.StandardServer.await(StandardServer.java:427)
	at org.apache.catalina.startup.Catalina.await(Catalina.java:777)
	at org.apache.catalina.startup.Catalina.start(Catalina.java:723)
	at sun.reflect.NativeMethodAccessorImpl.invoke0(Native Method)
	at sun.reflect.NativeMethodAccessorImpl.invoke(NativeMethodAccessorImpl.java:62)
	at sun.reflect.DelegatingMethodAccessorImpl.invoke(DelegatingMethodAccessorImpl.java:43)
	at java.lang.reflect.Method.invoke(Method.java:497)
	at org.apache.catalina.startup.Bootstrap.start(Bootstrap.java:321)
	at org.apache.catalina.startup.Bootstrap.main(Bootstrap.java:455)

oct. 07, 2017 5:39:52 PM org.apache.coyote.AbstractProtocol pause
INFOS: Pausing ProtocolHandler ["http-bio-8080"]
oct. 07, 2017 5:39:52 PM org.apache.coyote.AbstractProtocol pause
INFOS: Pausing ProtocolHandler ["ajp-bio-8009"]
oct. 07, 2017 5:39:52 PM org.apache.catalina.core.StandardService stopInternal
INFOS: Arrêt du service Catalina
oct. 07, 2017 5:39:52 PM org.apache.catalina.loader.WebappClassLoader checkThreadLocalMapForLeaks
GRAVE: The web application [/WS] created a ThreadLocal with key of type [org.apache.axis.utils.XMLUtils.ThreadLocalDocumentBuilder] (value [org.apache.axis.utils.XMLUtils$ThreadLocalDocumentBuilder@7547e035]) and a value of type [com.sun.org.apache.xerces.internal.jaxp.DocumentBuilderImpl] (value [com.sun.org.apache.xerces.internal.jaxp.DocumentBuilderImpl@6772b4cd]) but failed to remove it when the web application was stopped. Threads are going to be renewed over time to try and avoid a probable memory leak.
oct. 07, 2017 5:39:52 PM org.apache.coyote.AbstractProtocol stop
INFOS: Stopping ProtocolHandler ["http-bio-8080"]
oct. 07, 2017 5:39:52 PM org.apache.coyote.AbstractProtocol destroy
INFOS: Destroying ProtocolHandler ["http-bio-8080"]
oct. 07, 2017 5:39:52 PM org.apache.coyote.AbstractProtocol stop
INFOS: Stopping ProtocolHandler ["ajp-bio-8009"]
oct. 07, 2017 5:39:52 PM org.apache.coyote.AbstractProtocol destroy
INFOS: Destroying ProtocolHandler ["ajp-bio-8009"]
oct. 07, 2017 5:45:23 PM org.apache.catalina.core.StandardServer await
INFOS: A valid shutdown command was received via the shutdown port. Stopping the Server instance.
oct. 07, 2017 5:45:23 PM org.apache.coyote.AbstractProtocol pause
INFOS: Pausing ProtocolHandler ["http-bio-8080"]
oct. 07, 2017 5:45:23 PM org.apache.coyote.AbstractProtocol pause
INFOS: Pausing ProtocolHandler ["ajp-bio-8009"]
oct. 07, 2017 5:45:23 PM org.apache.catalina.core.StandardService stopInternal
INFOS: Arrêt du service Catalina
oct. 07, 2017 5:45:23 PM org.apache.catalina.loader.WebappClassLoader clearReferencesJdbc
GRAVE: The web application [/web] registered the JDBC driver [org.hsqldb.jdbc.JDBCDriver] but failed to unregister it when the web application was stopped. To prevent a memory leak, the JDBC Driver has been forcibly unregistered.
oct. 07, 2017 5:45:23 PM org.apache.catalina.loader.WebappClassLoader checkThreadLocalMapForLeaks
GRAVE: The web application [/WS] created a ThreadLocal with key of type [org.apache.axis.utils.XMLUtils.ThreadLocalDocumentBuilder] (value [org.apache.axis.utils.XMLUtils$ThreadLocalDocumentBuilder@5e1318c]) and a value of type [com.sun.org.apache.xerces.internal.jaxp.DocumentBuilderImpl] (value [com.sun.org.apache.xerces.internal.jaxp.DocumentBuilderImpl@1f93a0bc]) but failed to remove it when the web application was stopped. Threads are going to be renewed over time to try and avoid a probable memory leak.
oct. 07, 2017 5:45:23 PM org.apache.catalina.loader.WebappClassLoader checkThreadLocalMapForLeaks
GRAVE: The web application [/WS] created a ThreadLocal with key of type [org.apache.axis.utils.XMLUtils.ThreadLocalDocumentBuilder] (value [org.apache.axis.utils.XMLUtils$ThreadLocalDocumentBuilder@5e1318c]) and a value of type [com.sun.org.apache.xerces.internal.jaxp.DocumentBuilderImpl] (value [com.sun.org.apache.xerces.internal.jaxp.DocumentBuilderImpl@21a7c2d7]) but failed to remove it when the web application was stopped. Threads are going to be renewed over time to try and avoid a probable memory leak.
oct. 07, 2017 5:45:23 PM org.apache.catalina.loader.WebappClassLoader checkThreadLocalMapForLeaks
GRAVE: The web application [/WS] created a ThreadLocal with key of type [org.apache.axis.utils.XMLUtils.ThreadLocalDocumentBuilder] (value [org.apache.axis.utils.XMLUtils$ThreadLocalDocumentBuilder@5e1318c]) and a value of type [com.sun.org.apache.xerces.internal.jaxp.DocumentBuilderImpl] (value [com.sun.org.apache.xerces.internal.jaxp.DocumentBuilderImpl@7bfdc8f2]) but failed to remove it when the web application was stopped. Threads are going to be renewed over time to try and avoid a probable memory leak.
oct. 07, 2017 5:45:23 PM org.apache.catalina.loader.WebappClassLoader checkThreadLocalMapForLeaks
GRAVE: The web application [/WS] created a ThreadLocal with key of type [org.apache.axis.utils.XMLUtils.ThreadLocalDocumentBuilder] (value [org.apache.axis.utils.XMLUtils$ThreadLocalDocumentBuilder@5e1318c]) and a value of type [com.sun.org.apache.xerces.internal.jaxp.DocumentBuilderImpl] (value [com.sun.org.apache.xerces.internal.jaxp.DocumentBuilderImpl@779cfb50]) but failed to remove it when the web application was stopped. Threads are going to be renewed over time to try and avoid a probable memory leak.
oct. 07, 2017 5:45:23 PM org.apache.coyote.AbstractProtocol stop
INFOS: Stopping ProtocolHandler ["http-bio-8080"]
oct. 07, 2017 5:45:23 PM org.apache.coyote.AbstractProtocol stop
INFOS: Stopping ProtocolHandler ["ajp-bio-8009"]
oct. 07, 2017 5:45:23 PM org.apache.coyote.AbstractProtocol destroy
INFOS: Destroying ProtocolHandler ["http-bio-8080"]
oct. 07, 2017 5:45:23 PM org.apache.coyote.AbstractProtocol destroy
INFOS: Destroying ProtocolHandler ["ajp-bio-8009"]
