oct. 08, 2016 4:20:48 PM org.apache.catalina.core.AprLifecycleListener init
INFOS: The APR based Apache Tomcat Native library which allows optimal performance in production environments was not found on the java.library.path: /usr/java/packages/lib/amd64:/usr/lib64:/lib64:/lib:/usr/lib
oct. 08, 2016 4:20:48 PM org.apache.coyote.AbstractProtocol init
INFOS: Initializing ProtocolHandler ["http-bio-8080"]
oct. 08, 2016 4:20:48 PM org.apache.coyote.AbstractProtocol init
INFOS: Initializing ProtocolHandler ["ajp-bio-8009"]
oct. 08, 2016 4:20:48 PM org.apache.catalina.startup.Catalina load
INFOS: Initialization processed in 676 ms
oct. 08, 2016 4:20:48 PM org.apache.catalina.core.StandardService startInternal
INFOS: Démarrage du service Catalina
oct. 08, 2016 4:20:48 PM org.apache.catalina.core.StandardEngine startInternal
INFOS: Starting Servlet Engine: Apache Tomcat/7.0.56
oct. 08, 2016 4:20:48 PM org.apache.catalina.startup.HostConfig deployWAR
INFOS: Déploiement de l'archive /home/hagimont/shared/cours/enseeiht/cours/Intergiciels/tp/tp-esb/legacy/appli-web/tomcat/webapps/WS.war de l'application web
oct. 08, 2016 4:20:49 PM org.apache.axis.utils.JavaUtils isAttachmentSupported
AVERTISSEMENT: Unable to find required classes (javax.activation.DataHandler and javax.mail.internet.MimeMultipart). Attachment support is disabled.
oct. 08, 2016 4:20:49 PM org.apache.catalina.startup.HostConfig deployWAR
INFOS: Deployment of web application archive /home/hagimont/shared/cours/enseeiht/cours/Intergiciels/tp/tp-esb/legacy/appli-web/tomcat/webapps/WS.war has finished in 965 ms
oct. 08, 2016 4:20:49 PM org.apache.catalina.startup.HostConfig deployWAR
INFOS: Déploiement de l'archive /home/hagimont/shared/cours/enseeiht/cours/Intergiciels/tp/tp-esb/legacy/appli-web/tomcat/webapps/web.war de l'application web
oct. 08, 2016 4:20:49 PM org.apache.catalina.startup.HostConfig deployWAR
INFOS: Deployment of web application archive /home/hagimont/shared/cours/enseeiht/cours/Intergiciels/tp/tp-esb/legacy/appli-web/tomcat/webapps/web.war has finished in 210 ms
oct. 08, 2016 4:20:49 PM org.apache.catalina.startup.HostConfig deployDirectory
INFOS: Déploiement du répertoire /home/hagimont/shared/cours/enseeiht/cours/Intergiciels/tp/tp-esb/legacy/appli-web/tomcat/webapps/ROOT de l'application web
oct. 08, 2016 4:20:49 PM org.apache.catalina.startup.HostConfig deployDirectory
INFOS: Deployment of web application directory /home/hagimont/shared/cours/enseeiht/cours/Intergiciels/tp/tp-esb/legacy/appli-web/tomcat/webapps/ROOT has finished in 44 ms
oct. 08, 2016 4:20:49 PM org.apache.catalina.startup.HostConfig deployDirectory
INFOS: Déploiement du répertoire /home/hagimont/shared/cours/enseeiht/cours/Intergiciels/tp/tp-esb/legacy/appli-web/tomcat/webapps/docs de l'application web
oct. 08, 2016 4:20:49 PM org.apache.catalina.startup.HostConfig deployDirectory
INFOS: Deployment of web application directory /home/hagimont/shared/cours/enseeiht/cours/Intergiciels/tp/tp-esb/legacy/appli-web/tomcat/webapps/docs has finished in 48 ms
oct. 08, 2016 4:20:49 PM org.apache.catalina.startup.HostConfig deployDirectory
INFOS: Déploiement du répertoire /home/hagimont/shared/cours/enseeiht/cours/Intergiciels/tp/tp-esb/legacy/appli-web/tomcat/webapps/examples de l'application web
oct. 08, 2016 4:20:50 PM org.apache.catalina.startup.HostConfig deployDirectory
INFOS: Deployment of web application directory /home/hagimont/shared/cours/enseeiht/cours/Intergiciels/tp/tp-esb/legacy/appli-web/tomcat/webapps/examples has finished in 286 ms
oct. 08, 2016 4:20:50 PM org.apache.catalina.startup.HostConfig deployDirectory
INFOS: Déploiement du répertoire /home/hagimont/shared/cours/enseeiht/cours/Intergiciels/tp/tp-esb/legacy/appli-web/tomcat/webapps/manager de l'application web
oct. 08, 2016 4:20:50 PM org.apache.catalina.startup.HostConfig deployDirectory
INFOS: Deployment of web application directory /home/hagimont/shared/cours/enseeiht/cours/Intergiciels/tp/tp-esb/legacy/appli-web/tomcat/webapps/manager has finished in 41 ms
oct. 08, 2016 4:20:50 PM org.apache.catalina.startup.HostConfig deployDirectory
INFOS: Déploiement du répertoire /home/hagimont/shared/cours/enseeiht/cours/Intergiciels/tp/tp-esb/legacy/appli-web/tomcat/webapps/host-manager de l'application web
oct. 08, 2016 4:20:50 PM org.apache.catalina.startup.HostConfig deployDirectory
INFOS: Deployment of web application directory /home/hagimont/shared/cours/enseeiht/cours/Intergiciels/tp/tp-esb/legacy/appli-web/tomcat/webapps/host-manager has finished in 56 ms
oct. 08, 2016 4:20:50 PM org.apache.coyote.AbstractProtocol start
INFOS: Starting ProtocolHandler ["http-bio-8080"]
oct. 08, 2016 4:20:50 PM org.apache.coyote.AbstractProtocol start
INFOS: Starting ProtocolHandler ["ajp-bio-8009"]
oct. 08, 2016 4:20:50 PM org.apache.catalina.startup.Catalina start
INFOS: Server startup in 1733 ms
oct. 08, 2016 4:25:33 PM org.apache.catalina.core.StandardServer await
INFOS: A valid shutdown command was received via the shutdown port. Stopping the Server instance.
oct. 08, 2016 4:25:33 PM org.apache.coyote.AbstractProtocol pause
INFOS: Pausing ProtocolHandler ["http-bio-8080"]
oct. 08, 2016 4:25:33 PM org.apache.coyote.AbstractProtocol pause
INFOS: Pausing ProtocolHandler ["ajp-bio-8009"]
oct. 08, 2016 4:25:33 PM org.apache.catalina.core.StandardService stopInternal
INFOS: Arrêt du service Catalina
oct. 08, 2016 4:25:33 PM org.apache.catalina.loader.WebappClassLoader checkThreadLocalMapForLeaks
GRAVE: The web application [/WS] created a ThreadLocal with key of type [org.apache.axis.utils.XMLUtils.ThreadLocalDocumentBuilder] (value [org.apache.axis.utils.XMLUtils$ThreadLocalDocumentBuilder@27306ef5]) and a value of type [com.sun.org.apache.xerces.internal.jaxp.DocumentBuilderImpl] (value [com.sun.org.apache.xerces.internal.jaxp.DocumentBuilderImpl@5cc4aaec]) but failed to remove it when the web application was stopped. Threads are going to be renewed over time to try and avoid a probable memory leak.
oct. 08, 2016 4:25:33 PM org.apache.catalina.loader.WebappClassLoader checkThreadLocalMapForLeaks
GRAVE: The web application [/WS] created a ThreadLocal with key of type [org.apache.axis.utils.XMLUtils.ThreadLocalDocumentBuilder] (value [org.apache.axis.utils.XMLUtils$ThreadLocalDocumentBuilder@27306ef5]) and a value of type [com.sun.org.apache.xerces.internal.jaxp.DocumentBuilderImpl] (value [com.sun.org.apache.xerces.internal.jaxp.DocumentBuilderImpl@73b19b88]) but failed to remove it when the web application was stopped. Threads are going to be renewed over time to try and avoid a probable memory leak.
oct. 08, 2016 4:25:33 PM org.apache.catalina.loader.WebappClassLoader clearReferencesJdbc
GRAVE: The web application [/web] registered the JDBC driver [org.hsqldb.jdbc.JDBCDriver] but failed to unregister it when the web application was stopped. To prevent a memory leak, the JDBC Driver has been forcibly unregistered.
oct. 08, 2016 4:25:33 PM org.apache.coyote.AbstractProtocol stop
INFOS: Stopping ProtocolHandler ["http-bio-8080"]
oct. 08, 2016 4:25:33 PM org.apache.coyote.AbstractProtocol stop
INFOS: Stopping ProtocolHandler ["ajp-bio-8009"]
oct. 08, 2016 4:25:33 PM org.apache.coyote.AbstractProtocol destroy
INFOS: Destroying ProtocolHandler ["http-bio-8080"]
oct. 08, 2016 4:25:33 PM org.apache.coyote.AbstractProtocol destroy
INFOS: Destroying ProtocolHandler ["ajp-bio-8009"]
oct. 08, 2016 4:26:50 PM org.apache.catalina.core.AprLifecycleListener init
INFOS: The APR based Apache Tomcat Native library which allows optimal performance in production environments was not found on the java.library.path: /usr/java/packages/lib/amd64:/usr/lib64:/lib64:/lib:/usr/lib
oct. 08, 2016 4:26:50 PM org.apache.coyote.AbstractProtocol init
INFOS: Initializing ProtocolHandler ["http-bio-8080"]
oct. 08, 2016 4:26:50 PM org.apache.coyote.AbstractProtocol init
INFOS: Initializing ProtocolHandler ["ajp-bio-8009"]
oct. 08, 2016 4:26:50 PM org.apache.catalina.startup.Catalina load
INFOS: Initialization processed in 486 ms
oct. 08, 2016 4:26:50 PM org.apache.catalina.core.StandardService startInternal
INFOS: Démarrage du service Catalina
oct. 08, 2016 4:26:50 PM org.apache.catalina.core.StandardEngine startInternal
INFOS: Starting Servlet Engine: Apache Tomcat/7.0.56
oct. 08, 2016 4:26:50 PM org.apache.catalina.startup.HostConfig deployWAR
INFOS: Déploiement de l'archive /home/hagimont/shared/cours/enseeiht/cours/Intergiciels/tp/tp-esb/legacy/appli-web/tomcat/webapps/WS.war de l'application web
oct. 08, 2016 4:26:51 PM org.apache.axis.utils.JavaUtils isAttachmentSupported
AVERTISSEMENT: Unable to find required classes (javax.activation.DataHandler and javax.mail.internet.MimeMultipart). Attachment support is disabled.
oct. 08, 2016 4:26:51 PM org.apache.catalina.startup.HostConfig deployWAR
INFOS: Deployment of web application archive /home/hagimont/shared/cours/enseeiht/cours/Intergiciels/tp/tp-esb/legacy/appli-web/tomcat/webapps/WS.war has finished in 910 ms
oct. 08, 2016 4:26:51 PM org.apache.catalina.startup.HostConfig deployWAR
INFOS: Déploiement de l'archive /home/hagimont/shared/cours/enseeiht/cours/Intergiciels/tp/tp-esb/legacy/appli-web/tomcat/webapps/web.war de l'application web
oct. 08, 2016 4:26:51 PM org.apache.catalina.startup.HostConfig deployWAR
INFOS: Deployment of web application archive /home/hagimont/shared/cours/enseeiht/cours/Intergiciels/tp/tp-esb/legacy/appli-web/tomcat/webapps/web.war has finished in 162 ms
oct. 08, 2016 4:26:51 PM org.apache.catalina.startup.HostConfig deployDirectory
INFOS: Déploiement du répertoire /home/hagimont/shared/cours/enseeiht/cours/Intergiciels/tp/tp-esb/legacy/appli-web/tomcat/webapps/ROOT de l'application web
oct. 08, 2016 4:26:51 PM org.apache.catalina.startup.HostConfig deployDirectory
INFOS: Deployment of web application directory /home/hagimont/shared/cours/enseeiht/cours/Intergiciels/tp/tp-esb/legacy/appli-web/tomcat/webapps/ROOT has finished in 35 ms
oct. 08, 2016 4:26:51 PM org.apache.catalina.startup.HostConfig deployDirectory
INFOS: Déploiement du répertoire /home/hagimont/shared/cours/enseeiht/cours/Intergiciels/tp/tp-esb/legacy/appli-web/tomcat/webapps/docs de l'application web
oct. 08, 2016 4:26:51 PM org.apache.catalina.startup.HostConfig deployDirectory
INFOS: Deployment of web application directory /home/hagimont/shared/cours/enseeiht/cours/Intergiciels/tp/tp-esb/legacy/appli-web/tomcat/webapps/docs has finished in 32 ms
oct. 08, 2016 4:26:51 PM org.apache.catalina.startup.HostConfig deployDirectory
INFOS: Déploiement du répertoire /home/hagimont/shared/cours/enseeiht/cours/Intergiciels/tp/tp-esb/legacy/appli-web/tomcat/webapps/examples de l'application web
oct. 08, 2016 4:26:51 PM org.apache.catalina.startup.HostConfig deployDirectory
INFOS: Deployment of web application directory /home/hagimont/shared/cours/enseeiht/cours/Intergiciels/tp/tp-esb/legacy/appli-web/tomcat/webapps/examples has finished in 235 ms
oct. 08, 2016 4:26:51 PM org.apache.catalina.startup.HostConfig deployDirectory
INFOS: Déploiement du répertoire /home/hagimont/shared/cours/enseeiht/cours/Intergiciels/tp/tp-esb/legacy/appli-web/tomcat/webapps/manager de l'application web
oct. 08, 2016 4:26:51 PM org.apache.catalina.startup.HostConfig deployDirectory
INFOS: Deployment of web application directory /home/hagimont/shared/cours/enseeiht/cours/Intergiciels/tp/tp-esb/legacy/appli-web/tomcat/webapps/manager has finished in 50 ms
oct. 08, 2016 4:26:51 PM org.apache.catalina.startup.HostConfig deployDirectory
INFOS: Déploiement du répertoire /home/hagimont/shared/cours/enseeiht/cours/Intergiciels/tp/tp-esb/legacy/appli-web/tomcat/webapps/host-manager de l'application web
oct. 08, 2016 4:26:51 PM org.apache.catalina.startup.HostConfig deployDirectory
INFOS: Deployment of web application directory /home/hagimont/shared/cours/enseeiht/cours/Intergiciels/tp/tp-esb/legacy/appli-web/tomcat/webapps/host-manager has finished in 60 ms
oct. 08, 2016 4:26:51 PM org.apache.coyote.AbstractProtocol start
INFOS: Starting ProtocolHandler ["http-bio-8080"]
oct. 08, 2016 4:26:51 PM org.apache.coyote.AbstractProtocol start
INFOS: Starting ProtocolHandler ["ajp-bio-8009"]
oct. 08, 2016 4:26:51 PM org.apache.catalina.startup.Catalina start
INFOS: Server startup in 1543 ms
oct. 08, 2016 4:55:22 PM org.apache.coyote.AbstractProtocol pause
INFOS: Pausing ProtocolHandler ["http-bio-8080"]
oct. 08, 2016 4:55:22 PM org.apache.coyote.AbstractProtocol pause
INFOS: Pausing ProtocolHandler ["ajp-bio-8009"]
oct. 08, 2016 4:55:22 PM org.apache.catalina.core.StandardService stopInternal
INFOS: Arrêt du service Catalina
oct. 08, 2016 4:55:22 PM org.apache.coyote.AbstractProtocol stop
INFOS: Stopping ProtocolHandler ["http-bio-8080"]
oct. 08, 2016 4:55:22 PM org.apache.coyote.AbstractProtocol stop
INFOS: Stopping ProtocolHandler ["ajp-bio-8009"]
oct. 08, 2016 4:55:22 PM org.apache.coyote.AbstractProtocol destroy
INFOS: Destroying ProtocolHandler ["http-bio-8080"]
oct. 08, 2016 4:55:22 PM org.apache.coyote.AbstractProtocol destroy
INFOS: Destroying ProtocolHandler ["ajp-bio-8009"]
oct. 08, 2016 5:04:26 PM org.apache.catalina.core.AprLifecycleListener init
INFOS: The APR based Apache Tomcat Native library which allows optimal performance in production environments was not found on the java.library.path: /usr/java/packages/lib/amd64:/usr/lib64:/lib64:/lib:/usr/lib
oct. 08, 2016 5:04:27 PM org.apache.coyote.AbstractProtocol init
INFOS: Initializing ProtocolHandler ["http-bio-8080"]
oct. 08, 2016 5:04:27 PM org.apache.coyote.AbstractProtocol init
INFOS: Initializing ProtocolHandler ["ajp-bio-8009"]
oct. 08, 2016 5:04:27 PM org.apache.catalina.startup.Catalina load
INFOS: Initialization processed in 576 ms
oct. 08, 2016 5:04:27 PM org.apache.catalina.core.StandardService startInternal
INFOS: Démarrage du service Catalina
oct. 08, 2016 5:04:27 PM org.apache.catalina.core.StandardEngine startInternal
INFOS: Starting Servlet Engine: Apache Tomcat/7.0.56
oct. 08, 2016 5:04:27 PM org.apache.catalina.startup.HostConfig deployWAR
INFOS: Déploiement de l'archive /home/hagimont/shared/cours/enseeiht/cours/Intergiciels/tp/tp-esb/legacy/appli-web/tomcat/webapps/WS.war de l'application web
oct. 08, 2016 5:04:28 PM org.apache.axis.utils.JavaUtils isAttachmentSupported
AVERTISSEMENT: Unable to find required classes (javax.activation.DataHandler and javax.mail.internet.MimeMultipart). Attachment support is disabled.
oct. 08, 2016 5:04:28 PM org.apache.catalina.startup.HostConfig deployWAR
INFOS: Deployment of web application archive /home/hagimont/shared/cours/enseeiht/cours/Intergiciels/tp/tp-esb/legacy/appli-web/tomcat/webapps/WS.war has finished in 889 ms
oct. 08, 2016 5:04:28 PM org.apache.catalina.startup.HostConfig deployWAR
INFOS: Déploiement de l'archive /home/hagimont/shared/cours/enseeiht/cours/Intergiciels/tp/tp-esb/legacy/appli-web/tomcat/webapps/web.war de l'application web
oct. 08, 2016 5:04:28 PM org.apache.catalina.startup.HostConfig deployWAR
INFOS: Deployment of web application archive /home/hagimont/shared/cours/enseeiht/cours/Intergiciels/tp/tp-esb/legacy/appli-web/tomcat/webapps/web.war has finished in 182 ms
oct. 08, 2016 5:04:28 PM org.apache.catalina.startup.HostConfig deployDirectory
INFOS: Déploiement du répertoire /home/hagimont/shared/cours/enseeiht/cours/Intergiciels/tp/tp-esb/legacy/appli-web/tomcat/webapps/ROOT de l'application web
oct. 08, 2016 5:04:28 PM org.apache.catalina.startup.HostConfig deployDirectory
INFOS: Deployment of web application directory /home/hagimont/shared/cours/enseeiht/cours/Intergiciels/tp/tp-esb/legacy/appli-web/tomcat/webapps/ROOT has finished in 44 ms
oct. 08, 2016 5:04:28 PM org.apache.catalina.startup.HostConfig deployDirectory
INFOS: Déploiement du répertoire /home/hagimont/shared/cours/enseeiht/cours/Intergiciels/tp/tp-esb/legacy/appli-web/tomcat/webapps/docs de l'application web
oct. 08, 2016 5:04:28 PM org.apache.catalina.startup.HostConfig deployDirectory
INFOS: Deployment of web application directory /home/hagimont/shared/cours/enseeiht/cours/Intergiciels/tp/tp-esb/legacy/appli-web/tomcat/webapps/docs has finished in 36 ms
oct. 08, 2016 5:04:28 PM org.apache.catalina.startup.HostConfig deployDirectory
INFOS: Déploiement du répertoire /home/hagimont/shared/cours/enseeiht/cours/Intergiciels/tp/tp-esb/legacy/appli-web/tomcat/webapps/examples de l'application web
oct. 08, 2016 5:04:28 PM org.apache.catalina.startup.HostConfig deployDirectory
INFOS: Deployment of web application directory /home/hagimont/shared/cours/enseeiht/cours/Intergiciels/tp/tp-esb/legacy/appli-web/tomcat/webapps/examples has finished in 279 ms
oct. 08, 2016 5:04:28 PM org.apache.catalina.startup.HostConfig deployDirectory
INFOS: Déploiement du répertoire /home/hagimont/shared/cours/enseeiht/cours/Intergiciels/tp/tp-esb/legacy/appli-web/tomcat/webapps/manager de l'application web
oct. 08, 2016 5:04:28 PM org.apache.catalina.startup.HostConfig deployDirectory
INFOS: Deployment of web application directory /home/hagimont/shared/cours/enseeiht/cours/Intergiciels/tp/tp-esb/legacy/appli-web/tomcat/webapps/manager has finished in 50 ms
oct. 08, 2016 5:04:28 PM org.apache.catalina.startup.HostConfig deployDirectory
INFOS: Déploiement du répertoire /home/hagimont/shared/cours/enseeiht/cours/Intergiciels/tp/tp-esb/legacy/appli-web/tomcat/webapps/host-manager de l'application web
oct. 08, 2016 5:04:28 PM org.apache.catalina.startup.HostConfig deployDirectory
INFOS: Deployment of web application directory /home/hagimont/shared/cours/enseeiht/cours/Intergiciels/tp/tp-esb/legacy/appli-web/tomcat/webapps/host-manager has finished in 68 ms
oct. 08, 2016 5:04:28 PM org.apache.coyote.AbstractProtocol start
INFOS: Starting ProtocolHandler ["http-bio-8080"]
oct. 08, 2016 5:04:28 PM org.apache.coyote.AbstractProtocol start
INFOS: Starting ProtocolHandler ["ajp-bio-8009"]
oct. 08, 2016 5:04:28 PM org.apache.catalina.startup.Catalina start
INFOS: Server startup in 1620 ms
oct. 08, 2016 5:16:47 PM org.apache.catalina.core.StandardServer await
INFOS: A valid shutdown command was received via the shutdown port. Stopping the Server instance.
oct. 08, 2016 5:16:47 PM org.apache.coyote.AbstractProtocol pause
INFOS: Pausing ProtocolHandler ["http-bio-8080"]
oct. 08, 2016 5:16:47 PM org.apache.coyote.AbstractProtocol pause
INFOS: Pausing ProtocolHandler ["ajp-bio-8009"]
oct. 08, 2016 5:16:47 PM org.apache.catalina.core.StandardService stopInternal
INFOS: Arrêt du service Catalina
oct. 08, 2016 5:16:47 PM org.apache.catalina.loader.WebappClassLoader checkThreadLocalMapForLeaks
GRAVE: The web application [/WS] created a ThreadLocal with key of type [org.apache.axis.utils.XMLUtils.ThreadLocalDocumentBuilder] (value [org.apache.axis.utils.XMLUtils$ThreadLocalDocumentBuilder@4b9064e0]) and a value of type [com.sun.org.apache.xerces.internal.jaxp.DocumentBuilderImpl] (value [com.sun.org.apache.xerces.internal.jaxp.DocumentBuilderImpl@74ced4e1]) but failed to remove it when the web application was stopped. Threads are going to be renewed over time to try and avoid a probable memory leak.
oct. 08, 2016 5:16:47 PM org.apache.catalina.loader.WebappClassLoader checkThreadLocalMapForLeaks
GRAVE: The web application [/WS] created a ThreadLocal with key of type [org.apache.axis.utils.XMLUtils.ThreadLocalDocumentBuilder] (value [org.apache.axis.utils.XMLUtils$ThreadLocalDocumentBuilder@4b9064e0]) and a value of type [com.sun.org.apache.xerces.internal.jaxp.DocumentBuilderImpl] (value [com.sun.org.apache.xerces.internal.jaxp.DocumentBuilderImpl@36fa3bb0]) but failed to remove it when the web application was stopped. Threads are going to be renewed over time to try and avoid a probable memory leak.
oct. 08, 2016 5:16:47 PM org.apache.catalina.loader.WebappClassLoader clearReferencesJdbc
GRAVE: The web application [/web] registered the JDBC driver [org.hsqldb.jdbc.JDBCDriver] but failed to unregister it when the web application was stopped. To prevent a memory leak, the JDBC Driver has been forcibly unregistered.
oct. 08, 2016 5:16:47 PM org.apache.coyote.AbstractProtocol stop
INFOS: Stopping ProtocolHandler ["http-bio-8080"]
oct. 08, 2016 5:16:47 PM org.apache.coyote.AbstractProtocol stop
INFOS: Stopping ProtocolHandler ["ajp-bio-8009"]
oct. 08, 2016 5:16:47 PM org.apache.coyote.AbstractProtocol destroy
INFOS: Destroying ProtocolHandler ["http-bio-8080"]
oct. 08, 2016 5:16:47 PM org.apache.coyote.AbstractProtocol destroy
INFOS: Destroying ProtocolHandler ["ajp-bio-8009"]
