oct. 08, 2016 4:20:50 PM org.apache.catalina.core.ApplicationContext log
INFOS: ContextListener: contextInitialized()
oct. 08, 2016 4:20:50 PM org.apache.catalina.core.ApplicationContext log
INFOS: SessionListener: contextInitialized()
oct. 08, 2016 4:20:50 PM org.apache.catalina.core.ApplicationContext log
INFOS: ContextListener: attributeAdded('org.apache.jasper.compiler.TldLocationsCache', 'org.apache.jasper.compiler.TldLocationsCache@ba4af76')
oct. 08, 2016 4:25:33 PM org.apache.catalina.core.ApplicationContext log
INFOS: SessionListener: contextDestroyed()
oct. 08, 2016 4:25:33 PM org.apache.catalina.core.ApplicationContext log
INFOS: ContextListener: contextDestroyed()
oct. 08, 2016 4:26:51 PM org.apache.catalina.core.ApplicationContext log
INFOS: ContextListener: contextInitialized()
oct. 08, 2016 4:26:51 PM org.apache.catalina.core.ApplicationContext log
INFOS: SessionListener: contextInitialized()
oct. 08, 2016 4:26:51 PM org.apache.catalina.core.ApplicationContext log
INFOS: ContextListener: attributeAdded('org.apache.jasper.compiler.TldLocationsCache', 'org.apache.jasper.compiler.TldLocationsCache@7a64a8ea')
oct. 08, 2016 4:55:22 PM org.apache.catalina.core.ApplicationContext log
INFOS: SessionListener: contextDestroyed()
oct. 08, 2016 4:55:22 PM org.apache.catalina.core.ApplicationContext log
INFOS: ContextListener: contextDestroyed()
oct. 08, 2016 5:04:28 PM org.apache.catalina.core.ApplicationContext log
INFOS: ContextListener: contextInitialized()
oct. 08, 2016 5:04:28 PM org.apache.catalina.core.ApplicationContext log
INFOS: SessionListener: contextInitialized()
oct. 08, 2016 5:04:28 PM org.apache.catalina.core.ApplicationContext log
INFOS: ContextListener: attributeAdded('org.apache.jasper.compiler.TldLocationsCache', 'org.apache.jasper.compiler.TldLocationsCache@699fd985')
oct. 08, 2016 5:16:47 PM org.apache.catalina.core.ApplicationContext log
INFOS: SessionListener: contextDestroyed()
oct. 08, 2016 5:16:47 PM org.apache.catalina.core.ApplicationContext log
INFOS: ContextListener: contextDestroyed()
