oct. 07, 2017 4:38:36 PM org.apache.catalina.core.ApplicationContext log
INFOS: ContextListener: contextInitialized()
oct. 07, 2017 4:38:36 PM org.apache.catalina.core.ApplicationContext log
INFOS: SessionListener: contextInitialized()
oct. 07, 2017 4:38:36 PM org.apache.catalina.core.ApplicationContext log
INFOS: ContextListener: attributeAdded('org.apache.jasper.compiler.TldLocationsCache', 'org.apache.jasper.compiler.TldLocationsCache@3d05b6c0')
oct. 07, 2017 5:39:52 PM org.apache.catalina.core.ApplicationContext log
INFOS: ContextListener: contextInitialized()
oct. 07, 2017 5:39:52 PM org.apache.catalina.core.ApplicationContext log
INFOS: SessionListener: contextInitialized()
oct. 07, 2017 5:39:52 PM org.apache.catalina.core.ApplicationContext log
INFOS: ContextListener: attributeAdded('org.apache.jasper.compiler.TldLocationsCache', 'org.apache.jasper.compiler.TldLocationsCache@9279aca')
oct. 07, 2017 5:39:52 PM org.apache.catalina.core.ApplicationContext log
INFOS: SessionListener: contextDestroyed()
oct. 07, 2017 5:39:52 PM org.apache.catalina.core.ApplicationContext log
INFOS: ContextListener: contextDestroyed()
oct. 07, 2017 5:45:23 PM org.apache.catalina.core.ApplicationContext log
INFOS: SessionListener: contextDestroyed()
oct. 07, 2017 5:45:23 PM org.apache.catalina.core.ApplicationContext log
INFOS: ContextListener: contextDestroyed()
